  lab4.2.cpp
C:\Users\Lenovo\Desktop\oop\lab4.2\lab4.2\lab4.2.cpp(16,11): error C2039: "table": не является членом "HashTable".
C:\Users\Lenovo\Desktop\oop\lab4.2\lab4.2\Hash.h(12,8): message : см. объявление "HashTable"
C:\Users\Lenovo\Desktop\oop\lab4.2\lab4.2\lab4.2.cpp(18,15): error C2039: "table": не является членом "HashTable".
C:\Users\Lenovo\Desktop\oop\lab4.2\lab4.2\Hash.h(12,8): message : см. объявление "HashTable"
C:\Users\Lenovo\Desktop\oop\lab4.2\lab4.2\lab4.2.cpp(90,13): error C2660: HashInsert: функция не принимает 2 аргументов
C:\Users\Lenovo\Desktop\oop\lab4.2\lab4.2\Hash.cpp(12,6): message : см. объявление "HashInsert"
C:\Users\Lenovo\Desktop\oop\lab4.2\lab4.2\lab4.2.cpp(90,13): message : при попытке сопоставить список аргументов "(int, int)"
C:\Users\Lenovo\Desktop\oop\lab4.2\lab4.2\lab4.2.cpp(100,13): error C2664: "int HashSearch(HashTable *,int)": невозможно преобразовать аргумент 1 из "int" в "HashTable *"
C:\Users\Lenovo\Desktop\oop\lab4.2\lab4.2\lab4.2.cpp(100,24): message : Для преобразования из целого типа в указатель требуется reinterpret_cast, приведение в стиле С или приведение в стиле функции в круглых скобках
C:\Users\Lenovo\Desktop\oop\lab4.2\lab4.2\Hash.cpp(31,5): message : см. объявление "HashSearch"
C:\Users\Lenovo\Desktop\oop\lab4.2\lab4.2\lab4.2.cpp(100,13): message : при попытке сопоставить список аргументов "(int, int)"
C:\Users\Lenovo\Desktop\oop\lab4.2\lab4.2\lab4.2.cpp(110,13): error C2664: "void HashDelete(HashTable *,int)": невозможно преобразовать аргумент 1 из "int" в "HashTable *"
C:\Users\Lenovo\Desktop\oop\lab4.2\lab4.2\lab4.2.cpp(110,24): message : Для преобразования из целого типа в указатель требуется reinterpret_cast, приведение в стиле С или приведение в стиле функции в круглых скобках
C:\Users\Lenovo\Desktop\oop\lab4.2\lab4.2\Hash.cpp(47,6): message : см. объявление "HashDelete"
C:\Users\Lenovo\Desktop\oop\lab4.2\lab4.2\lab4.2.cpp(110,13): message : при попытке сопоставить список аргументов "(int, int)"
C:\Users\Lenovo\Desktop\oop\lab4.2\lab4.2\lab4.2.cpp(118,9): error C2664: "void HashShow(HashTable *)": невозможно преобразовать аргумент 1 из "int" в "HashTable *"
C:\Users\Lenovo\Desktop\oop\lab4.2\lab4.2\lab4.2.cpp(118,18): message : Для преобразования из целого типа в указатель требуется reinterpret_cast, приведение в стиле С или приведение в стиле функции в круглых скобках
C:\Users\Lenovo\Desktop\oop\lab4.2\lab4.2\Hash.cpp(64,6): message : см. объявление "HashShow"
C:\Users\Lenovo\Desktop\oop\lab4.2\lab4.2\lab4.2.cpp(118,9): message : при попытке сопоставить список аргументов "(int)"
